<?xml version="1.0" encoding="UTF-8"?>
<!-- Generated by org.testng.reporters.JUnitReportReporter -->
<testsuite hostname="Gauravs-MacBook-Air.local" failures="0" tests="3" name="BasicTestngannotations.TestNG" time="0.008" errors="0" timestamp="2020-03-03T10:21:59 IST" skipped="0">
  <testcase classname="BasicTestngannotations.TestNG" name="test3" time="0.003"/>
  <testcase classname="BasicTestngannotations.TestNG" name="test" time="0.002"/>
  <testcase classname="BasicTestngannotations.TestNG" name="test2" time="0.003"/>
</testsuite> <!-- BasicTestngannotations.TestNG -->
