<?xml version="1.0" encoding="UTF-8"?>
<!-- Generated by org.testng.reporters.JUnitReportReporter -->
<testsuite hostname="Gauravs-MacBook-Air.local" failures="0" tests="3" name="BasicTestngannotations.Dependsonmethod" time="0.077" errors="0" timestamp="2020-03-03T10:21:59 IST" skipped="0">
  <testcase classname="BasicTestngannotations.Dependsonmethod" name="login" time="0.013"/>
  <testcase classname="BasicTestngannotations.Dependsonmethod" name="logout" time="0.019"/>
  <testcase classname="BasicTestngannotations.Dependsonmethod" name="homepage" time="0.045"/>
</testsuite> <!-- BasicTestngannotations.Dependsonmethod -->
