<?xml version="1.0" encoding="UTF-8"?>
<!-- Generated by org.testng.reporters.JUnitReportReporter -->
<testsuite hostname="Gauravs-MacBook-Air.local" failures="0" tests="3" name="PG1.TestScript" time="7.363" errors="0" timestamp="04 Mar 2020 04:46:09 GMT" skipped="0">
  <testcase classname="PG1.TestScript" name="test3" time="0.007"/>
  <testcase classname="PG1.TestScript" name="test2" time="0.002"/>
  <testcase classname="PG1.TestScript" name="test1" time="7.354"/>
</testsuite> <!-- PG1.TestScript -->
